0 info it worked if it ends with ok
1 verbose cli [ 'C:\\Program Files\\nodejs\\\\node.exe',
1 verbose cli   'C:\\Program Files\\nodejs\\node_modules\\npm\\bin\\npm-cli.js',
1 verbose cli   'install' ]
2 info using npm@1.4.3
3 info using node@v0.10.26
4 verbose node symlink C:\Program Files\nodejs\\node.exe
5 warn package.json geoip2c@0.1.0 No repository field.
6 verbose readDependencies using package.json deps
7 verbose install where, deps [ 'C:\\Users\\HAZE\\WebstormProjects\\node-geoip2-c',
7 verbose install   [ 'nan' ] ]
8 info preinstall geoip2c@0.1.0
9 verbose readDependencies using package.json deps
10 verbose cache add [ 'nan@^1.3.0', null ]
11 verbose cache add name=undefined spec="nan@^1.3.0" args=["nan@^1.3.0",null]
12 verbose parsed url { protocol: null,
12 verbose parsed url   slashes: null,
12 verbose parsed url   auth: null,
12 verbose parsed url   host: null,
12 verbose parsed url   port: null,
12 verbose parsed url   hostname: null,
12 verbose parsed url   hash: null,
12 verbose parsed url   search: null,
12 verbose parsed url   query: null,
12 verbose parsed url   pathname: 'nan@^1.3.0',
12 verbose parsed url   path: 'nan@^1.3.0',
12 verbose parsed url   href: 'nan@^1.3.0' }
13 verbose cache add name="nan" spec="^1.3.0" args=["nan","^1.3.0"]
14 verbose parsed url { protocol: null,
14 verbose parsed url   slashes: null,
14 verbose parsed url   auth: null,
14 verbose parsed url   host: null,
14 verbose parsed url   port: null,
14 verbose parsed url   hostname: null,
14 verbose parsed url   hash: null,
14 verbose parsed url   search: null,
14 verbose parsed url   query: null,
14 verbose parsed url   pathname: '^1.3.0',
14 verbose parsed url   path: '^1.3.0',
14 verbose parsed url   href: '^1.3.0' }
15 verbose addNamed [ 'nan', '^1.3.0' ]
16 verbose addNamed [ null, '>=1.3.0-0 <2.0.0-0' ]
17 silly lockFile 2ff446b3-nan-1-3-0 nan@^1.3.0
18 verbose lock nan@^1.3.0 C:\Users\HAZE\AppData\Roaming\npm-cache\2ff446b3-nan-1-3-0.lock
19 silly addNameRange { name: 'nan', range: '>=1.3.0-0 <2.0.0-0', hasData: false }
20 verbose url raw nan
21 verbose url resolving [ 'https://registry.npmjs.org/', './nan' ]
22 verbose url resolved https://registry.npmjs.org/nan
23 info trying registry request attempt 1 at 18:56:02
24 verbose etag "2RVNOBUBIPFCFHXKKPTSTKGB8"
25 http GET https://registry.npmjs.org/nan
26 http 304 https://registry.npmjs.org/nan
27 silly registry.get cb [ 304,
27 silly registry.get   { date: 'Thu, 09 Apr 2015 22:56:02 GMT',
27 silly registry.get     server: 'Apache',
27 silly registry.get     via: '1.1 varnish',
27 silly registry.get     'last-modified': 'Thu, 09 Apr 2015 22:55:19 GMT',
27 silly registry.get     'cache-control': 'max-age=60',
27 silly registry.get     etag: '"2RVNOBUBIPFCFHXKKPTSTKGB8"',
27 silly registry.get     age: '50',
27 silly registry.get     'x-served-by': 'cache-dfw1830-DFW',
27 silly registry.get     'x-cache': 'HIT',
27 silly registry.get     'x-cache-hits': '2',
27 silly registry.get     'x-timer': 'S1428620162.035371,VS0,VE0',
27 silly registry.get     vary: 'Accept',
27 silly registry.get     'content-length': '0',
27 silly registry.get     'keep-alive': 'timeout=10, max=50',
27 silly registry.get     connection: 'Keep-Alive' } ]
28 verbose etag nan from cache
29 silly addNameRange number 2 { name: 'nan', range: '>=1.3.0-0 <2.0.0-0', hasData: true }
30 silly addNameRange versions [ 'nan',
30 silly addNameRange   [ '0.3.0-wip',
30 silly addNameRange     '0.3.0-wip2',
30 silly addNameRange     '0.3.0',
30 silly addNameRange     '0.3.1',
30 silly addNameRange     '0.3.2',
30 silly addNameRange     '0.4.0',
30 silly addNameRange     '0.4.1',
30 silly addNameRange     '0.4.2',
30 silly addNameRange     '0.4.3',
30 silly addNameRange     '0.4.4',
30 silly addNameRange     '0.5.0',
30 silly addNameRange     '0.5.1',
30 silly addNameRange     '0.5.2',
30 silly addNameRange     '0.6.0',
30 silly addNameRange     '0.7.0',
30 silly addNameRange     '0.7.1',
30 silly addNameRange     '0.8.0',
30 silly addNameRange     '1.0.0',
30 silly addNameRange     '1.1.0',
30 silly addNameRange     '1.1.1',
30 silly addNameRange     '1.1.2',
30 silly addNameRange     '1.2.0',
30 silly addNameRange     '1.3.0',
30 silly addNameRange     '1.4.0',
30 silly addNameRange     '1.4.1',
30 silly addNameRange     '1.5.0',
30 silly addNameRange     '1.4.2',
30 silly addNameRange     '1.4.3',
30 silly addNameRange     '1.5.1',
30 silly addNameRange     '1.5.2',
30 silly addNameRange     '1.6.0',
30 silly addNameRange     '1.5.3',
30 silly addNameRange     '1.6.1',
30 silly addNameRange     '1.6.2',
30 silly addNameRange     '1.7.0' ] ]
31 verbose addNamed [ 'nan', '1.7.0' ]
32 verbose addNamed [ '1.7.0', '1.7.0' ]
33 silly lockFile e44e3bb6-nan-1-7-0 nan@1.7.0
34 verbose lock nan@1.7.0 C:\Users\HAZE\AppData\Roaming\npm-cache\e44e3bb6-nan-1-7-0.lock
35 silly lockFile d5712a55-stry-npmjs-org-nan-nan-1-7-0-tgz https://registry.npmjs.org/nan/-/nan-1.7.0.tgz
36 verbose lock https://registry.npmjs.org/nan/-/nan-1.7.0.tgz C:\Users\HAZE\AppData\Roaming\npm-cache\d5712a55-stry-npmjs-org-nan-nan-1-7-0-tgz.lock
37 verbose addRemoteTarball [ 'https://registry.npmjs.org/nan/-/nan-1.7.0.tgz',
37 verbose addRemoteTarball   '755b997404e83cbe7bc08bc3c5c56291bce87438' ]
38 info retry fetch attempt 1 at 18:56:03
39 verbose fetch to= C:\Users\HAZE\AppData\Local\Temp\npm-5960-YbOdDz3T\1428620163410-0.6089489429723471\tmp.tgz
40 http GET https://registry.npmjs.org/nan/-/nan-1.7.0.tgz
41 http 200 https://registry.npmjs.org/nan/-/nan-1.7.0.tgz
42 verbose tar unpack C:\Users\HAZE\AppData\Local\Temp\npm-5960-YbOdDz3T\1428620163410-0.6089489429723471\tmp.tgz
43 silly lockFile 53248d7b-63410-0-6089489429723471-package tar://C:\Users\HAZE\AppData\Local\Temp\npm-5960-YbOdDz3T\1428620163410-0.6089489429723471\package
44 verbose lock tar://C:\Users\HAZE\AppData\Local\Temp\npm-5960-YbOdDz3T\1428620163410-0.6089489429723471\package C:\Users\HAZE\AppData\Roaming\npm-cache\53248d7b-63410-0-6089489429723471-package.lock
45 silly lockFile 44fa1ade-63410-0-6089489429723471-tmp-tgz tar://C:\Users\HAZE\AppData\Local\Temp\npm-5960-YbOdDz3T\1428620163410-0.6089489429723471\tmp.tgz
46 verbose lock tar://C:\Users\HAZE\AppData\Local\Temp\npm-5960-YbOdDz3T\1428620163410-0.6089489429723471\tmp.tgz C:\Users\HAZE\AppData\Roaming\npm-cache\44fa1ade-63410-0-6089489429723471-tmp-tgz.lock
47 silly gunzTarPerm modes [ '755', '644' ]
48 silly gunzTarPerm extractEntry package.json
49 silly gunzTarPerm modified mode [ 'package.json', 436, 420 ]
50 silly gunzTarPerm extractEntry include_dirs.js
51 silly gunzTarPerm modified mode [ 'include_dirs.js', 436, 420 ]
52 silly gunzTarPerm extractEntry LICENSE.md
53 silly gunzTarPerm modified mode [ 'LICENSE.md', 436, 420 ]
54 silly gunzTarPerm extractEntry .dntrc
55 silly gunzTarPerm modified mode [ '.dntrc', 436, 420 ]
56 silly gunzTarPerm extractEntry appveyor.yml
57 silly gunzTarPerm modified mode [ 'appveyor.yml', 436, 420 ]
58 silly gunzTarPerm extractEntry nan.h
59 silly gunzTarPerm modified mode [ 'nan.h', 436, 420 ]
60 silly gunzTarPerm extractEntry nan_implementation_12_inl.h
61 silly gunzTarPerm modified mode [ 'nan_implementation_12_inl.h', 436, 420 ]
62 silly gunzTarPerm extractEntry nan_implementation_pre_12_inl.h
63 silly gunzTarPerm modified mode [ 'nan_implementation_pre_12_inl.h', 436, 420 ]
64 silly gunzTarPerm extractEntry nan_new.h
65 silly gunzTarPerm modified mode [ 'nan_new.h', 436, 420 ]
66 silly gunzTarPerm extractEntry nan_string_bytes.h
67 silly gunzTarPerm modified mode [ 'nan_string_bytes.h', 436, 420 ]
68 silly gunzTarPerm extractEntry CHANGELOG.md
69 silly gunzTarPerm modified mode [ 'CHANGELOG.md', 436, 420 ]
70 silly lockFile 53248d7b-63410-0-6089489429723471-package tar://C:\Users\HAZE\AppData\Local\Temp\npm-5960-YbOdDz3T\1428620163410-0.6089489429723471\package
71 silly lockFile 53248d7b-63410-0-6089489429723471-package tar://C:\Users\HAZE\AppData\Local\Temp\npm-5960-YbOdDz3T\1428620163410-0.6089489429723471\package
72 silly lockFile 44fa1ade-63410-0-6089489429723471-tmp-tgz tar://C:\Users\HAZE\AppData\Local\Temp\npm-5960-YbOdDz3T\1428620163410-0.6089489429723471\tmp.tgz
73 silly lockFile 44fa1ade-63410-0-6089489429723471-tmp-tgz tar://C:\Users\HAZE\AppData\Local\Temp\npm-5960-YbOdDz3T\1428620163410-0.6089489429723471\tmp.tgz
74 verbose tar pack [ 'C:\\Users\\HAZE\\AppData\\Roaming\\npm-cache\\nan\\1.7.0\\package.tgz',
74 verbose tar pack   'C:\\Users\\HAZE\\AppData\\Local\\Temp\\npm-5960-YbOdDz3T\\1428620163410-0.6089489429723471\\package' ]
75 verbose tarball C:\Users\HAZE\AppData\Roaming\npm-cache\nan\1.7.0\package.tgz
76 verbose folder C:\Users\HAZE\AppData\Local\Temp\npm-5960-YbOdDz3T\1428620163410-0.6089489429723471\package
77 silly lockFile 53248d7b-63410-0-6089489429723471-package tar://C:\Users\HAZE\AppData\Local\Temp\npm-5960-YbOdDz3T\1428620163410-0.6089489429723471\package
78 verbose lock tar://C:\Users\HAZE\AppData\Local\Temp\npm-5960-YbOdDz3T\1428620163410-0.6089489429723471\package C:\Users\HAZE\AppData\Roaming\npm-cache\53248d7b-63410-0-6089489429723471-package.lock
79 silly lockFile 993af5e1--npm-cache-nan-1-7-0-package-tgz tar://C:\Users\HAZE\AppData\Roaming\npm-cache\nan\1.7.0\package.tgz
80 verbose lock tar://C:\Users\HAZE\AppData\Roaming\npm-cache\nan\1.7.0\package.tgz C:\Users\HAZE\AppData\Roaming\npm-cache\993af5e1--npm-cache-nan-1-7-0-package-tgz.lock
81 silly lockFile 53248d7b-63410-0-6089489429723471-package tar://C:\Users\HAZE\AppData\Local\Temp\npm-5960-YbOdDz3T\1428620163410-0.6089489429723471\package
82 silly lockFile 53248d7b-63410-0-6089489429723471-package tar://C:\Users\HAZE\AppData\Local\Temp\npm-5960-YbOdDz3T\1428620163410-0.6089489429723471\package
83 silly lockFile 993af5e1--npm-cache-nan-1-7-0-package-tgz tar://C:\Users\HAZE\AppData\Roaming\npm-cache\nan\1.7.0\package.tgz
84 silly lockFile 993af5e1--npm-cache-nan-1-7-0-package-tgz tar://C:\Users\HAZE\AppData\Roaming\npm-cache\nan\1.7.0\package.tgz
85 silly lockFile 995fc7f9-ming-npm-cache-nan-1-7-0-package C:\Users\HAZE\AppData\Roaming\npm-cache\nan\1.7.0\package
86 verbose lock C:\Users\HAZE\AppData\Roaming\npm-cache\nan\1.7.0\package C:\Users\HAZE\AppData\Roaming\npm-cache\995fc7f9-ming-npm-cache-nan-1-7-0-package.lock
87 silly lockFile 995fc7f9-ming-npm-cache-nan-1-7-0-package C:\Users\HAZE\AppData\Roaming\npm-cache\nan\1.7.0\package
88 silly lockFile 995fc7f9-ming-npm-cache-nan-1-7-0-package C:\Users\HAZE\AppData\Roaming\npm-cache\nan\1.7.0\package
89 verbose tar unpack C:\Users\HAZE\AppData\Roaming\npm-cache\nan\1.7.0\package.tgz
90 silly lockFile f50f8728-ming-npm-cache-nan-1-7-0-package tar://C:\Users\HAZE\AppData\Roaming\npm-cache\nan\1.7.0\package
91 verbose lock tar://C:\Users\HAZE\AppData\Roaming\npm-cache\nan\1.7.0\package C:\Users\HAZE\AppData\Roaming\npm-cache\f50f8728-ming-npm-cache-nan-1-7-0-package.lock
92 silly lockFile 993af5e1--npm-cache-nan-1-7-0-package-tgz tar://C:\Users\HAZE\AppData\Roaming\npm-cache\nan\1.7.0\package.tgz
93 verbose lock tar://C:\Users\HAZE\AppData\Roaming\npm-cache\nan\1.7.0\package.tgz C:\Users\HAZE\AppData\Roaming\npm-cache\993af5e1--npm-cache-nan-1-7-0-package-tgz.lock
94 silly gunzTarPerm modes [ '755', '644' ]
95 silly gunzTarPerm extractEntry package.json
96 silly gunzTarPerm modified mode [ 'package.json', 438, 420 ]
97 silly gunzTarPerm extractEntry include_dirs.js
98 silly gunzTarPerm modified mode [ 'include_dirs.js', 438, 420 ]
99 silly gunzTarPerm extractEntry LICENSE.md
100 silly gunzTarPerm modified mode [ 'LICENSE.md', 438, 420 ]
101 silly gunzTarPerm extractEntry appveyor.yml
102 silly gunzTarPerm modified mode [ 'appveyor.yml', 438, 420 ]
103 silly gunzTarPerm extractEntry .dntrc
104 silly gunzTarPerm modified mode [ '.dntrc', 438, 420 ]
105 silly gunzTarPerm extractEntry CHANGELOG.md
106 silly gunzTarPerm modified mode [ 'CHANGELOG.md', 438, 420 ]
107 silly gunzTarPerm extractEntry nan_implementation_12_inl.h
108 silly gunzTarPerm modified mode [ 'nan_implementation_12_inl.h', 438, 420 ]
109 silly gunzTarPerm extractEntry nan_implementation_pre_12_inl.h
110 silly gunzTarPerm modified mode [ 'nan_implementation_pre_12_inl.h', 438, 420 ]
111 silly gunzTarPerm extractEntry nan_new.h
112 silly gunzTarPerm modified mode [ 'nan_new.h', 438, 420 ]
113 silly gunzTarPerm extractEntry nan_string_bytes.h
114 silly gunzTarPerm modified mode [ 'nan_string_bytes.h', 438, 420 ]
115 silly gunzTarPerm extractEntry nan.h
116 silly gunzTarPerm modified mode [ 'nan.h', 438, 420 ]
117 silly lockFile f50f8728-ming-npm-cache-nan-1-7-0-package tar://C:\Users\HAZE\AppData\Roaming\npm-cache\nan\1.7.0\package
118 silly lockFile f50f8728-ming-npm-cache-nan-1-7-0-package tar://C:\Users\HAZE\AppData\Roaming\npm-cache\nan\1.7.0\package
119 silly lockFile 993af5e1--npm-cache-nan-1-7-0-package-tgz tar://C:\Users\HAZE\AppData\Roaming\npm-cache\nan\1.7.0\package.tgz
120 silly lockFile 993af5e1--npm-cache-nan-1-7-0-package-tgz tar://C:\Users\HAZE\AppData\Roaming\npm-cache\nan\1.7.0\package.tgz
121 verbose chmod C:\Users\HAZE\AppData\Roaming\npm-cache\nan\1.7.0\package.tgz 644
122 silly chown skipping for windows C:\Users\HAZE\AppData\Roaming\npm-cache\nan\1.7.0\package.tgz
123 silly lockFile d5712a55-stry-npmjs-org-nan-nan-1-7-0-tgz https://registry.npmjs.org/nan/-/nan-1.7.0.tgz
124 silly lockFile d5712a55-stry-npmjs-org-nan-nan-1-7-0-tgz https://registry.npmjs.org/nan/-/nan-1.7.0.tgz
125 silly lockFile e44e3bb6-nan-1-7-0 nan@1.7.0
126 silly lockFile e44e3bb6-nan-1-7-0 nan@1.7.0
127 silly lockFile 2ff446b3-nan-1-3-0 nan@^1.3.0
128 silly lockFile 2ff446b3-nan-1-3-0 nan@^1.3.0
129 silly resolved [ { name: 'nan',
129 silly resolved     version: '1.7.0',
129 silly resolved     description: 'Native Abstractions for Node.js: C++ header for Node 0.8->0.12 compatibility',
129 silly resolved     main: 'include_dirs.js',
129 silly resolved     repository: { type: 'git', url: 'git://github.com/rvagg/nan.git' },
129 silly resolved     scripts:
129 silly resolved      { test: 'tap --gc test/js/*-test.js',
129 silly resolved        'rebuild-tests': 'pangyp rebuild --directory test' },
129 silly resolved     contributors:
129 silly resolved      [ [Object],
129 silly resolved        [Object],
129 silly resolved        [Object],
129 silly resolved        [Object],
129 silly resolved        [Object],
129 silly resolved        [Object],
129 silly resolved        [Object] ],
129 silly resolved     devDependencies:
129 silly resolved      { bindings: '~1.2.1',
129 silly resolved        'node-gyp': '~1.0.2',
129 silly resolved        pangyp: '~2.0.1',
129 silly resolved        tap: '~0.5.0',
129 silly resolved        xtend: '~4.0.0' },
129 silly resolved     license: 'MIT',
129 silly resolved     bugs: { url: 'https://github.com/rvagg/nan/issues' },
129 silly resolved     readme: 'ERROR: No README data found!',
129 silly resolved     homepage: 'https://github.com/rvagg/nan',
129 silly resolved     _id: 'nan@1.7.0',
129 silly resolved     dist: { shasum: '94ca7a6412295ae5f08d3c4e8243d3c091cf149e' },
129 silly resolved     _from: 'nan@^1.3.0',
129 silly resolved     _resolved: 'https://registry.npmjs.org/nan/-/nan-1.7.0.tgz' } ]
130 info install nan@1.7.0 into C:\Users\HAZE\WebstormProjects\node-geoip2-c
131 info installOne nan@1.7.0
132 info C:\Users\HAZE\WebstormProjects\node-geoip2-c\node_modules\nan unbuild
133 verbose tar unpack C:\Users\HAZE\AppData\Roaming\npm-cache\nan\1.7.0\package.tgz
134 silly lockFile 91af932e-s-node-geoip2-c-node-modules-nan tar://C:\Users\HAZE\WebstormProjects\node-geoip2-c\node_modules\nan
135 verbose lock tar://C:\Users\HAZE\WebstormProjects\node-geoip2-c\node_modules\nan C:\Users\HAZE\AppData\Roaming\npm-cache\91af932e-s-node-geoip2-c-node-modules-nan.lock
136 silly lockFile 993af5e1--npm-cache-nan-1-7-0-package-tgz tar://C:\Users\HAZE\AppData\Roaming\npm-cache\nan\1.7.0\package.tgz
137 verbose lock tar://C:\Users\HAZE\AppData\Roaming\npm-cache\nan\1.7.0\package.tgz C:\Users\HAZE\AppData\Roaming\npm-cache\993af5e1--npm-cache-nan-1-7-0-package-tgz.lock
138 silly gunzTarPerm modes [ '755', '644' ]
139 silly gunzTarPerm extractEntry package.json
140 silly gunzTarPerm modified mode [ 'package.json', 438, 420 ]
141 silly gunzTarPerm extractEntry include_dirs.js
142 silly gunzTarPerm modified mode [ 'include_dirs.js', 438, 420 ]
143 silly gunzTarPerm extractEntry LICENSE.md
144 silly gunzTarPerm modified mode [ 'LICENSE.md', 438, 420 ]
145 silly gunzTarPerm extractEntry appveyor.yml
146 silly gunzTarPerm modified mode [ 'appveyor.yml', 438, 420 ]
147 silly gunzTarPerm extractEntry .dntrc
148 silly gunzTarPerm modified mode [ '.dntrc', 438, 420 ]
149 silly gunzTarPerm extractEntry CHANGELOG.md
150 silly gunzTarPerm modified mode [ 'CHANGELOG.md', 438, 420 ]
151 silly gunzTarPerm extractEntry nan_implementation_12_inl.h
152 silly gunzTarPerm modified mode [ 'nan_implementation_12_inl.h', 438, 420 ]
153 silly gunzTarPerm extractEntry nan_implementation_pre_12_inl.h
154 silly gunzTarPerm modified mode [ 'nan_implementation_pre_12_inl.h', 438, 420 ]
155 silly gunzTarPerm extractEntry nan_new.h
156 silly gunzTarPerm modified mode [ 'nan_new.h', 438, 420 ]
157 silly gunzTarPerm extractEntry nan_string_bytes.h
158 silly gunzTarPerm modified mode [ 'nan_string_bytes.h', 438, 420 ]
159 silly gunzTarPerm extractEntry nan.h
160 silly gunzTarPerm modified mode [ 'nan.h', 438, 420 ]
161 silly lockFile 91af932e-s-node-geoip2-c-node-modules-nan tar://C:\Users\HAZE\WebstormProjects\node-geoip2-c\node_modules\nan
162 silly lockFile 91af932e-s-node-geoip2-c-node-modules-nan tar://C:\Users\HAZE\WebstormProjects\node-geoip2-c\node_modules\nan
163 silly lockFile 993af5e1--npm-cache-nan-1-7-0-package-tgz tar://C:\Users\HAZE\AppData\Roaming\npm-cache\nan\1.7.0\package.tgz
164 silly lockFile 993af5e1--npm-cache-nan-1-7-0-package-tgz tar://C:\Users\HAZE\AppData\Roaming\npm-cache\nan\1.7.0\package.tgz
165 info preinstall nan@1.7.0
166 verbose readDependencies using package.json deps
167 verbose readDependencies using package.json deps
168 silly resolved []
169 verbose about to build C:\Users\HAZE\WebstormProjects\node-geoip2-c\node_modules\nan
170 info build C:\Users\HAZE\WebstormProjects\node-geoip2-c\node_modules\nan
171 verbose linkStuff [ false,
171 verbose linkStuff   false,
171 verbose linkStuff   false,
171 verbose linkStuff   'C:\\Users\\HAZE\\WebstormProjects\\node-geoip2-c\\node_modules' ]
172 info linkStuff nan@1.7.0
173 verbose linkBins nan@1.7.0
174 verbose linkMans nan@1.7.0
175 verbose rebuildBundles nan@1.7.0
176 info install nan@1.7.0
177 info postinstall nan@1.7.0
178 info build C:\Users\HAZE\WebstormProjects\node-geoip2-c
179 verbose linkStuff [ false, false, false, 'C:\\Users\\HAZE\\WebstormProjects' ]
180 info linkStuff geoip2c@0.1.0
181 verbose linkBins geoip2c@0.1.0
182 verbose linkMans geoip2c@0.1.0
183 verbose rebuildBundles geoip2c@0.1.0
184 verbose rebuildBundles [ 'nan' ]
185 info install geoip2c@0.1.0
186 verbose unsafe-perm in lifecycle true
187 info geoip2c@0.1.0 Failed to exec install script
188 error geoip2c@0.1.0 install: `node-gyp rebuild`
188 error Exit status 1
189 error Failed at the geoip2c@0.1.0 install script.
189 error This is most likely a problem with the geoip2c package,
189 error not with npm itself.
189 error Tell the author that this fails on your system:
189 error     node-gyp rebuild
189 error You can get their info via:
189 error     npm owner ls geoip2c
189 error There is likely additional logging output above.
190 error System Windows_NT 6.2.9200
191 error command "C:\\Program Files\\nodejs\\\\node.exe" "C:\\Program Files\\nodejs\\node_modules\\npm\\bin\\npm-cli.js" "install"
192 error cwd C:\Users\HAZE\WebstormProjects\node-geoip2-c
193 error node -v v0.10.26
194 error npm -v 1.4.3
195 error code ELIFECYCLE
196 verbose exit [ 1, true ]
